
Sjeng version SPEC 1.0, Copyright (C) 2000-2005 Gian-Carlo Pascutto

SPEC Workload

  +----+----+----+----+----+----+----+----+
8 | *R |    |    |    | *K | *B |    | *R |
  +----+----+----+----+----+----+----+----+
7 |    | *B | *Q |    |    | *P |  R |    |
  +----+----+----+----+----+----+----+----+
6 | *P |    |    |    |    |  P |    |    |
  +----+----+----+----+----+----+----+----+
5 |    |    |    |  P | *P |    |    | *P |
  +----+----+----+----+----+----+----+----+
4 |    | *P |    |    |    |    |    |    |
  +----+----+----+----+----+----+----+----+
3 |    |    |    |    |    |    |  Q |  B |
  +----+----+----+----+----+----+----+----+
2 |  P |  P |  P |    |    |    |    |  P |
  +----+----+----+----+----+----+----+----+
1 |    |    |  K |  R |    |    |    |    |
  +----+----+----+----+----+----+----+----+

     a    b    c    d    e    f    g    h

EPD: r3kb1r/1bq2pR1/p4P2/3Pp2p/1p6/6QB/PPP4P/2KR4 b kq - bm Rd8 h4; id "CCC-ANAL-2";

Searching to 12 ply
Middlegame phase.
Time for move : 1000000
 2  2.45       200 Bxg7 fxg7 Rg8 
 2  2.45       993 Bxg7 fxg7 Rg8 
 3  2.10      1259 Bxg7 ??
 3  2.11      1724 Rd8 !
 3  2.44      3553 Rd8 Be6 Bxg7 fxg7 
 4  2.45      5553 Rd8 Be6 Bxg7 fxg7 Rg8 
 4  2.46      8782 h4 !
 4  2.45     11179 Rd8 Be6 Bxg7 fxg7 Rg8 
